Traceback (most recent call last):
  File "/opt/hostedtoolcache/Python/3.9.19/x64/lib/python3.9/site-packages/jupyter_cache/executors/utils.py", line 58, in single_nb_execution
    executenb(
  File "/opt/hostedtoolcache/Python/3.9.19/x64/lib/python3.9/site-packages/nbclient/client.py", line 1314, in execute
    return NotebookClient(nb=nb, resources=resources, km=km, **kwargs).execute()
  File "/opt/hostedtoolcache/Python/3.9.19/x64/lib/python3.9/site-packages/jupyter_core/utils/__init__.py", line 165, in wrapped
    return loop.run_until_complete(inner)
  File "/opt/hostedtoolcache/Python/3.9.19/x64/lib/python3.9/asyncio/base_events.py", line 647, in run_until_complete
    return future.result()
  File "/opt/hostedtoolcache/Python/3.9.19/x64/lib/python3.9/site-packages/nbclient/client.py", line 709, in async_execute
    await self.async_execute_cell(
  File "/opt/hostedtoolcache/Python/3.9.19/x64/lib/python3.9/site-packages/nbclient/client.py", line 1062, in async_execute_cell
    await self._check_raise_for_error(cell, cell_index, exec_reply)
  File "/opt/hostedtoolcache/Python/3.9.19/x64/lib/python3.9/site-packages/nbclient/client.py", line 918, in _check_raise_for_error
    raise CellExecutionError.from_cell_and_msg(cell, exec_reply_content)
nbclient.exceptions.CellExecutionError: An error occurred while executing the following cell:
------------------
def verify_merkle_tree():
        txn1_hash = 'bde4693e55a336ff81ab238ce20cae1dd9c8ba03b9b8f43963f5569bf3cf5228'
        txn2_hash = '4beace8bdcf9b5b74630eaee2e7f501180e46025ca89b05e7e041fbe953d817a'
        expected = '830b7f324af3ff2b2a47cf7cf5ac825fe8d8034294ea8e8f853a4d3fada893fc'
        
        
        combined_hash = sha256_hash(txn1_hash + txn2_hash)

        print(f"Combined hash: {combined_hash}")
        print(f"Expected: {expected}")
        assert combined_hash == expected, f"Hash mismatch: {combined_hash} != {expected}"


verify_merkle_tree()

------------------

----- stdout -----
Combined hash: ed16d3014e104c1dea31d8cf9d137daf0231f620b7c39bc291957f15e3ebda4d
Expected: 830b7f324af3ff2b2a47cf7cf5ac825fe8d8034294ea8e8f853a4d3fada893fc
------------------

[0;31m---------------------------------------------------------------------------[0m
[0;31mAssertionError[0m                            Traceback (most recent call last)
Cell [0;32mIn[7], line 14[0m
[1;32m     10[0m         [38;5;28mprint[39m([38;5;124mf[39m[38;5;124m"[39m[38;5;124mExpected: [39m[38;5;132;01m{[39;00mexpected[38;5;132;01m}[39;00m[38;5;124m"[39m)
[1;32m     11[0m         [38;5;28;01massert[39;00m combined_hash [38;5;241m==[39m expected, [38;5;124mf[39m[38;5;124m"[39m[38;5;124mHash mismatch: [39m[38;5;132;01m{[39;00mcombined_hash[38;5;132;01m}[39;00m[38;5;124m != [39m[38;5;132;01m{[39;00mexpected[38;5;132;01m}[39;00m[38;5;124m"[39m
[0;32m---> 14[0m [43mverify_merkle_tree[49m[43m([49m[43m)[49m

Cell [0;32mIn[7], line 11[0m, in [0;36mverify_merkle_tree[0;34m()[0m
[1;32m      9[0m [38;5;28mprint[39m([38;5;124mf[39m[38;5;124m"[39m[38;5;124mCombined hash: [39m[38;5;132;01m{[39;00mcombined_hash[38;5;132;01m}[39;00m[38;5;124m"[39m)
[1;32m     10[0m [38;5;28mprint[39m([38;5;124mf[39m[38;5;124m"[39m[38;5;124mExpected: [39m[38;5;132;01m{[39;00mexpected[38;5;132;01m}[39;00m[38;5;124m"[39m)
[0;32m---> 11[0m [38;5;28;01massert[39;00m combined_hash [38;5;241m==[39m expected, [38;5;124mf[39m[38;5;124m"[39m[38;5;124mHash mismatch: [39m[38;5;132;01m{[39;00mcombined_hash[38;5;132;01m}[39;00m[38;5;124m != [39m[38;5;132;01m{[39;00mexpected[38;5;132;01m}[39;00m[38;5;124m"[39m

[0;31mAssertionError[0m: Hash mismatch: ed16d3014e104c1dea31d8cf9d137daf0231f620b7c39bc291957f15e3ebda4d != 830b7f324af3ff2b2a47cf7cf5ac825fe8d8034294ea8e8f853a4d3fada893fc

